[    0.000000] Linux version 4.15.0-70-generic (buildd@lgw01-amd64-055) (gcc version 7.4.0 (Ubuntu 7.4.0-1ubuntu1~18.04.1)) #79-Ubuntu SMP Tue Nov 12 10:36:11 UTC 2019 (Ubuntu 4.15.0-70.79-generic 4.15.18)
[    0.000000] Command line: BOOT_IMAGE=/boot/vmlinuz-4.15.0-70-generic root=LABEL=cloudimg-rootfs ro console=tty1 console=ttyS0
[    0.000000] KERNEL supported cpus:
[    0.000000]   Intel GenuineIntel
[    0.000000]   AMD AuthenticAMD
[    0.000000]   Centaur CentaurHauls
[    0.000000] x86/fpu: Supporting XSAVE feature 0x001: 'x87 floating point registers'
[    0.000000] x86/fpu: Supporting XSAVE feature 0x002: 'SSE registers'
[    0.000000] x86/fpu: Supporting XSAVE feature 0x004: 'AVX registers'
[    0.000000] x86/fpu: xstate_offset[2]:  576, xstate_sizes[2]:  256
[    0.000000] x86/fpu: Enabled xstate features 0x7, context size is 832 bytes, using 'standard' format.
[    0.000000] e820: BIOS-provided physical RAM map:
[    0.000000] BIOS-e820: [mem 0x0000000000000000-0x000000000009fbff] usable
[    0.000000] BIOS-e820: [mem 0x000000000009fc00-0x000000000009ffff] reserved
[    0.000000] BIOS-e820: [mem 0x00000000000f0000-0x00000000000fffff] reserved
[    0.000000] BIOS-e820: [mem 0x0000000000100000-0x000000003ffeffff] usable
[    0.000000] BIOS-e820: [mem 0x000000003fff0000-0x000000003fffffff] ACPI data
[    0.000000] BIOS-e820: [mem 0x00000000fec00000-0x00000000fec00fff] reserved
[    0.000000] BIOS-e820: [mem 0x00000000fee00000-0x00000000fee00fff] reserved
[    0.000000] BIOS-e820: [mem 0x00000000fffc0000-0x00000000ffffffff] reserved
[    0.000000] NX (Execute Disable) protection: active
[    0.000000] SMBIOS 2.5 present.
[    0.000000] DMI: innotek GmbH VirtualBox/VirtualBox, BIOS VirtualBox 12/01/2006
[    0.000000] Hypervisor detected: KVM
[    0.000000] e820: last_pfn = 0x3fff0 max_arch_pfn = 0x400000000
[    0.000000] MTRR: Disabled
[    0.000000] x86/PAT: MTRRs disabled, skipping PAT initialization too.
[    0.000000] CPU MTRRs all blank - virtualized system.
[    0.000000] x86/PAT: Configuration [0-7]: WB  WT  UC- UC  WB  WT  UC- UC  
[    0.000000] found SMP MP-table at [mem 0x0009fff0-0x0009ffff]
[    0.000000] Scanning 1 areas for low memory corruption
[    0.000000] RAMDISK: [mem 0x35a89000-0x36d3bfff]
[    0.000000] ACPI: Early table checksum verification disabled
[    0.000000] ACPI: RSDP 0x00000000000E0000 000024 (v02 VBOX  )
[    0.000000] ACPI: XSDT 0x000000003FFF0030 00003C (v01 VBOX   VBOXXSDT 00000001 ASL  00000061)
[    0.000000] ACPI: FACP 0x000000003FFF00F0 0000F4 (v04 VBOX   VBOXFACP 00000001 ASL  00000061)
[    0.000000] ACPI: DSDT 0x000000003FFF0470 0022EA (v02 VBOX   VBOXBIOS 00000002 INTL 20100528)
[    0.000000] ACPI: FACS 0x000000003FFF0200 000040
[    0.000000] ACPI: FACS 0x000000003FFF0200 000040
[    0.000000] ACPI: APIC 0x000000003FFF0240 00005C (v02 VBOX   VBOXAPIC 00000001 ASL  00000061)
[    0.000000] ACPI: SSDT 0x000000003FFF02A0 0001CC (v01 VBOX   VBOXCPUT 00000002 INTL 20100528)
[    0.000000] No NUMA configuration found
[    0.000000] Faking a node at [mem 0x0000000000000000-0x000000003ffeffff]
[    0.000000] NODE_DATA(0) allocated [mem 0x3ffc5000-0x3ffeffff]
[    0.000000] kvm-clock: cpu 0, msr 0:3ff44001, primary cpu clock
[    0.000000] kvm-clock: Using msrs 4b564d01 and 4b564d00
[    0.000000] kvm-clock: using sched offset of 6881591554 cycles
[    0.000000] clocksource: kvm-clock: mask: 0xffffffffffffffff max_cycles: 0x1cd42e4dffb, max_idle_ns: 881590591483 ns
[    0.000000] Zone ranges:
[    0.000000]   DMA      [mem 0x0000000000001000-0x0000000000ffffff]
[    0.000000]   DMA32    [mem 0x0000000001000000-0x000000003ffeffff]
[    0.000000]   Normal   empty
[    0.000000]   Device   empty
[    0.000000] Movable zone start for each node
[    0.000000] Early memory node ranges
[    0.000000]   node   0: [mem 0x0000000000001000-0x000000000009efff]
[    0.000000]   node   0: [mem 0x0000000000100000-0x000000003ffeffff]
[    0.000000] Reserved but unavailable: 98 pages
[    0.000000] Initmem setup node 0 [mem 0x0000000000001000-0x000000003ffeffff]
[    0.000000] ACPI: PM-Timer IO Port: 0x4008
[    0.000000] IOAPIC[0]: apic_id 2, version 32, address 0xfec00000, GSI 0-23
[    0.000000] ACPI: INT_SRC_OVR (bus 0 bus_irq 0 global_irq 2 dfl dfl)
[    0.000000] ACPI: INT_SRC_OVR (bus 0 bus_irq 9 global_irq 9 low level)
[    0.000000] Using ACPI (MADT) for SMP configuration information
[    0.000000] smpboot: Allowing 2 CPUs, 0 hotplug CPUs
[    0.000000] PM: Registered nosave memory: [mem 0x00000000-0x00000fff]
[    0.000000] PM: Registered nosave memory: [mem 0x0009f000-0x0009ffff]
[    0.000000] PM: Registered nosave memory: [mem 0x000a0000-0x000effff]
[    0.000000] PM: Registered nosave memory: [mem 0x000f0000-0x000fffff]
[    0.000000] e820: [mem 0x40000000-0xfebfffff] available for PCI devices
[    0.000000] Booting paravirtualized kernel on KVM
[    0.000000] clocksource: refined-jiffies: mask: 0xffffffff max_cycles: 0xffffffff, max_idle_ns: 7645519600211568 ns
[    0.000000] random: get_random_bytes called from start_kernel+0x99/0x4fd with crng_init=0
[    0.000000] setup_percpu: NR_CPUS:8192 nr_cpumask_bits:2 nr_cpu_ids:2 nr_node_ids:1
[    0.000000] percpu: Embedded 45 pages/cpu s147456 r8192 d28672 u1048576
[    0.000000] PV qspinlock hash table entries: 256 (order: 0, 4096 bytes)
[    0.000000] Built 1 zonelists, mobility grouping on.  Total pages: 257913
[    0.000000] Policy zone: DMA32
[    0.000000] Kernel command line: BOOT_IMAGE=/boot/vmlinuz-4.15.0-70-generic root=LABEL=cloudimg-rootfs ro console=tty1 console=ttyS0
[    0.000000] Memory: 983440K/1048120K available (12300K kernel code, 2481K rwdata, 4264K rodata, 2432K init, 2388K bss, 64680K reserved, 0K cma-reserved)
[    0.000000] SLUB: HWalign=64, Order=0-3, MinObjects=0, CPUs=2, Nodes=1
[    0.000000] Kernel/User page tables isolation: enabled
[    0.000000] ftrace: allocating 39315 entries in 154 pages
[    0.004000] Hierarchical RCU implementation.
[    0.004000] 	RCU restricting CPUs from NR_CPUS=8192 to nr_cpu_ids=2.
[    0.004000] 	Tasks RCU enabled.
[    0.004000] RCU: Adjusting geometry for rcu_fanout_leaf=16, nr_cpu_ids=2
[    0.004000] NR_IRQS: 524544, nr_irqs: 440, preallocated irqs: 16
[    0.004000] Console: colour VGA+ 80x25
[    0.004000] console [tty1] enabled
[    0.004000] console [ttyS0] enabled
[    0.004000] ACPI: Core revision 20170831
[    0.004000] ACPI: 2 ACPI AML tables successfully acquired and loaded
[    0.004000] APIC: Switch to symmetric I/O mode setup
[    0.004000] x2apic enabled
[    0.004000] Switched APIC routing to physical x2apic.
[    0.004000] ..TIMER: vector=0x30 apic1=0 pin1=2 apic2=-1 pin2=-1
[    0.004005] tsc: Detected 2904.000 MHz processor
[    0.005045] Calibrating delay loop (skipped) preset value.. 5808.00 BogoMIPS (lpj=11616000)
[    0.008004] pid_max: default: 32768 minimum: 301
[    0.009626] Security Framework initialized
[    0.011016] Yama: becoming mindful.
[    0.012030] AppArmor: AppArmor initialized
[    0.014354] Dentry cache hash table entries: 131072 (order: 8, 1048576 bytes)
[    0.016058] Inode-cache hash table entries: 65536 (order: 7, 524288 bytes)
[    0.017493] Mount-cache hash table entries: 2048 (order: 2, 16384 bytes)
[    0.018857] Mountpoint-cache hash table entries: 2048 (order: 2, 16384 bytes)
[    0.020229] Last level iTLB entries: 4KB 64, 2MB 8, 4MB 8
[    0.021337] Last level dTLB entries: 4KB 64, 2MB 0, 4MB 0, 1GB 4
[    0.024002] Spectre V1 : Mitigation: usercopy/swapgs barriers and __user pointer sanitization
[    0.026467] Spectre V2 : Mitigation: Full generic retpoline
[    0.028005] Spectre V2 : Spectre v2 / SpectreRSB mitigation: Filling RSB on context switch
[    0.030183] Speculative Store Bypass: Vulnerable
[    0.032044] MDS: Mitigation: Clear CPU buffers
[    0.033577] Freeing SMP alternatives memory: 36K
[    0.145787] smpboot: CPU0: Intel(R) Core(TM) i7-7820HQ CPU @ 2.90GHz (family: 0x6, model: 0x9e, stepping: 0x9)
[    0.148000] Performance Events: unsupported p6 CPU model 158 no PMU driver, software events only.
[    0.148034] Hierarchical SRCU implementation.
[    0.149423] NMI watchdog: Perf event create on CPU 0 failed with -2
[    0.150745] NMI watchdog: Perf NMI watchdog permanently disabled
[    0.152041] smp: Bringing up secondary CPUs ...
[    0.153717] x86: Booting SMP configuration:
[    0.156003] .... node  #0, CPUs:      #1
[    0.004000] kvm-clock: cpu 1, msr 0:3ff44041, secondary cpu clock
[    0.160026] smp: Brought up 1 node, 2 CPUs
[    0.161223] smpboot: Max logical packages: 1
[    0.162139] smpboot: Total of 2 processors activated (11616.00 BogoMIPS)
[    0.164129] devtmpfs: initialized
[    0.165395] x86/mm: Memory block size: 128MB
[    0.166530] evm: security.selinux
[    0.167343] evm: security.SMACK64
[    0.168004] evm: security.SMACK64EXEC
[    0.168860] evm: security.SMACK64TRANSMUTE
[    0.169744] evm: security.SMACK64MMAP
[    0.170534] evm: security.apparmor
[    0.171267] evm: security.ima
[    0.172002] evm: security.capability
[    0.172844] clocksource: jiffies: mask: 0xffffffff max_cycles: 0xffffffff, max_idle_ns: 7645041785100000 ns
[    0.174401] futex hash table entries: 512 (order: 3, 32768 bytes)
[    0.177344] pinctrl core: initialized pinctrl subsystem
[    0.180097] RTC time: 20:46:56, date: 11/28/19
[    0.181286] NET: Registered protocol family 16
[    0.182575] audit: initializing netlink subsys (disabled)
[    0.184057] audit: type=2000 audit(1574974024.230:1): state=initialized audit_enabled=0 res=1
[    0.186200] cpuidle: using governor ladder
[    0.186200] cpuidle: using governor menu
[    0.188049] ACPI: bus type PCI registered
[    0.188910] acpiphp: ACPI Hot Plug PCI Controller Driver version: 0.5
[    0.190388] PCI: Using configuration type 1 for base access
[    0.192807] HugeTLB registered 2.00 MiB page size, pre-allocated 0 pages
[    0.196079] ACPI: Added _OSI(Module Device)
[    0.197010] ACPI: Added _OSI(Processor Device)
[    0.197948] ACPI: Added _OSI(3.0 _SCP Extensions)
[    0.199221] ACPI: Added _OSI(Processor Aggregator Device)
[    0.200029] ACPI: Added _OSI(Linux-Dell-Video)
[    0.201416] ACPI: Added _OSI(Linux-Lenovo-NV-HDMI-Audio)
[    0.202532] ACPI: Added _OSI(Linux-HPI-Hybrid-Graphics)
[    0.204414] ACPI: Executed 1 blocks of module-level executable AML code
[    0.209865] ACPI: Interpreter enabled
[    0.210994] ACPI: (supports S0 S5)
[    0.212003] ACPI: Using IOAPIC for interrupt routing
[    0.213619] PCI: Using host bridge windows from ACPI; if necessary, use "pci=nocrs" and report a bug
[    0.215723] ACPI: Enabled 2 GPEs in block 00 to 07
[    0.224083] ACPI: PCI Root Bridge [PCI0] (domain 0000 [bus 00-ff])
[    0.226775] acpi PNP0A03:00: _OSC: OS supports [ASPM ClockPM Segments MSI]
[    0.228515] acpi PNP0A03:00: _OSC: not requesting OS control; OS requires [ExtendedConfig ASPM ClockPM MSI]
[    0.231072] acpi PNP0A03:00: fail to add MMCONFIG information, can't access extended PCI configuration space under this bridge.
[    0.232483] PCI host bridge to bus 0000:00
[    0.233354] pci_bus 0000:00: root bus resource [io  0x0000-0x0cf7 window]
[    0.236003] pci_bus 0000:00: root bus resource [io  0x0d00-0xffff window]
[    0.237389] pci_bus 0000:00: root bus resource [mem 0x000a0000-0x000bffff window]
[    0.240002] pci_bus 0000:00: root bus resource [mem 0x40000000-0xfdffffff window]
[    0.242323] pci_bus 0000:00: root bus resource [bus 00-ff]
[    0.247023] pci 0000:00:01.1: legacy IDE quirk: reg 0x10: [io  0x01f0-0x01f7]
[    0.248013] pci 0000:00:01.1: legacy IDE quirk: reg 0x14: [io  0x03f6]
[    0.249521] pci 0000:00:01.1: legacy IDE quirk: reg 0x18: [io  0x0170-0x0177]
[    0.252002] pci 0000:00:01.1: legacy IDE quirk: reg 0x1c: [io  0x0376]
[    0.272188] pci 0000:00:07.0: quirk: [io  0x4000-0x403f] claimed by PIIX4 ACPI
[    0.274314] pci 0000:00:07.0: quirk: [io  0x4100-0x410f] claimed by PIIX4 SMB
[    0.282711] ACPI: PCI Interrupt Link [LNKA] (IRQs 5 9 10 *11)
[    0.284352] ACPI: PCI Interrupt Link [LNKB] (IRQs 5 9 *10 11)
[    0.286153] ACPI: PCI Interrupt Link [LNKC] (IRQs 5 *9 10 11)
[    0.288143] ACPI: PCI Interrupt Link [LNKD] (IRQs 5 9 10 *11)
[    0.290322] SCSI subsystem initialized
[    0.291204] pci 0000:00:02.0: vgaarb: setting as boot VGA device
[    0.291204] pci 0000:00:02.0: vgaarb: VGA device added: decodes=io+mem,owns=io+mem,locks=none
[    0.292015] pci 0000:00:02.0: vgaarb: bridge control possible
[    0.296010] vgaarb: loaded
[    0.296664] ACPI: bus type USB registered
[    0.297548] usbcore: registered new interface driver usbfs
[    0.298707] usbcore: registered new interface driver hub
[    0.300079] usbcore: registered new device driver usb
[    0.301324] EDAC MC: Ver: 3.0.0
[    0.301324] PCI: Using ACPI for IRQ routing
[    0.304426] NetLabel: Initializing
[    0.305618] NetLabel:  domain hash size = 128
[    0.306560] NetLabel:  protocols = UNLABELED CIPSOv4 CALIPSO
[    0.308016] NetLabel:  unlabeled traffic allowed by default
[    0.309666] clocksource: Switched to clocksource kvm-clock
[    0.321903] VFS: Disk quotas dquot_6.6.0
[    0.323318] VFS: Dquot-cache hash table entries: 512 (order 0, 4096 bytes)
[    0.325738] AppArmor: AppArmor Filesystem Enabled
[    0.327391] pnp: PnP ACPI init
[    0.329334] pnp: PnP ACPI: found 3 devices
[    0.340337] clocksource: acpi_pm: mask: 0xffffff max_cycles: 0xffffff, max_idle_ns: 2085701024 ns
[    0.343775] NET: Registered protocol family 2
[    0.345662] TCP established hash table entries: 8192 (order: 4, 65536 bytes)
[    0.347350] TCP bind hash table entries: 8192 (order: 5, 131072 bytes)
[    0.351115] TCP: Hash tables configured (established 8192 bind 8192)
[    0.352900] UDP hash table entries: 512 (order: 2, 16384 bytes)
[    0.354179] UDP-Lite hash table entries: 512 (order: 2, 16384 bytes)
[    0.356114] NET: Registered protocol family 1
[    0.357510] pci 0000:00:00.0: Limiting direct PCI/PCI transfers
[    0.358958] pci 0000:00:01.0: Activating ISA DMA hang workarounds
[    0.360561] pci 0000:00:02.0: Video device with shadowed ROM at [mem 0x000c0000-0x000dffff]
[    0.362794] Unpacking initramfs...
[    0.646644] Freeing initrd memory: 19148K
[    0.648056] clocksource: tsc: mask: 0xffffffffffffffff max_cycles: 0x29dc05e54fc, max_idle_ns: 440795291716 ns
[    0.650754] platform rtc_cmos: registered platform RTC device (no PNP device found)
[    0.652621] Scanning for low memory corruption every 60 seconds
[    0.654858] Initialise system trusted keyrings
[    0.655982] Key type blacklist registered
[    0.657423] workingset: timestamp_bits=36 max_order=18 bucket_order=0
[    0.660769] zbud: loaded
[    0.662030] squashfs: version 4.0 (2009/01/31) Phillip Lougher
[    0.663862] fuse init (API version 7.26)
[    0.667293] Key type asymmetric registered
[    0.668458] Asymmetric key parser 'x509' registered
[    0.669519] Block layer SCSI generic (bsg) driver version 0.4 loaded (major 246)
[    0.671493] io scheduler noop registered
[    0.672478] io scheduler deadline registered
[    0.674304] io scheduler cfq registered (default)
[    0.676394] ACPI: AC Adapter [AC] (on-line)
[    0.677587] input: Power Button as /devices/LNXSYSTM:00/LNXPWRBN:00/input/input0
[    0.679309] ACPI: Power Button [PWRF]
[    0.680552] input: Sleep Button as /devices/LNXSYSTM:00/LNXSLPBN:00/input/input1
[    0.682689] ACPI: Sleep Button [SLPF]
[    0.685067] ACPI: Battery Slot [BAT0] (battery present)
[    0.686212] Serial: 8250/16550 driver, 32 ports, IRQ sharing enabled
[    0.709808] 00:02: ttyS0 at I/O 0x3f8 (irq = 4, base_baud = 115200) is a 16550A
[    0.717412] Linux agpgart interface v0.103
[    0.721473] loop: module loaded
[    0.723447] scsi host0: ata_piix
[    0.724910] scsi host1: ata_piix
[    0.726334] ata1: PATA max UDMA/33 cmd 0x1f0 ctl 0x3f6 bmdma 0xd000 irq 14
[    0.729173] ata2: PATA max UDMA/33 cmd 0x170 ctl 0x376 bmdma 0xd008 irq 15
[    0.732779] libphy: Fixed MDIO Bus: probed
[    0.734438] tun: Universal TUN/TAP device driver, 1.6
[    0.736680] PPP generic driver version 2.4.2
[    0.738657] ehci_hcd: USB 2.0 'Enhanced' Host Controller (EHCI) Driver
[    0.772277] ehci-pci: EHCI PCI platform driver
[    0.774440] ehci-platform: EHCI generic platform driver
[    0.776324] ohci_hcd: USB 1.1 'Open' Host Controller (OHCI) Driver
[    0.778259] ohci-pci: OHCI PCI platform driver
[    0.779774] ohci-platform: OHCI generic platform driver
[    0.781459] uhci_hcd: USB Universal Host Controller Interface driver
[    0.783634] i8042: PNP: PS/2 Controller [PNP0303:PS2K,PNP0f03:PS2M] at 0x60,0x64 irq 1,12
[    0.787545] serio: i8042 KBD port at 0x60,0x64 irq 1
[    0.789790] serio: i8042 AUX port at 0x60,0x64 irq 12
[    0.792192] mousedev: PS/2 mouse device common for all mice
[    0.795217] input: AT Translated Set 2 keyboard as /devices/platform/i8042/serio0/input/input2
[    0.798540] rtc_cmos rtc_cmos: rtc core: registered rtc_cmos as rtc0
[    0.801193] rtc_cmos rtc_cmos: alarms up to one day, 114 bytes nvram
[    0.803710] i2c /dev entries driver
[    0.805943] device-mapper: uevent: version 1.0.3
[    0.808029] device-mapper: ioctl: 4.37.0-ioctl (2017-09-20) initialised: dm-devel@redhat.com
[    0.809856] ledtrig-cpu: registered to indicate activity on CPUs
[    0.811884] NET: Registered protocol family 10
[    0.817529] Segment Routing with IPv6
[    0.818593] NET: Registered protocol family 17
[    0.819875] Key type dns_resolver registered
[    0.821131] mce: Using 0 MCE banks
[    0.822264] RAS: Correctable Errors collector initialized.
[    0.824292] sched_clock: Marking stable (824266251, 0)->(1001657735, -177391484)
[    0.826962] registered taskstats version 1
[    0.828257] Loading compiled-in X.509 certificates
[    0.831651] Loaded X.509 cert 'Build time autogenerated kernel key: 1859b0531897959199376c446a0bd70df75fd1fc'
[    0.834019] zswap: loaded using pool lzo/zbud
[    0.838965] Key type big_key registered
[    0.840406] Key type trusted registered
[    0.843443] Key type encrypted registered
[    0.844890] AppArmor: AppArmor sha1 policy hashing enabled
[    0.846291] ima: No TPM chip found, activating TPM-bypass! (rc=-19)
[    0.847809] ima: Allocated hash algorithm: sha1
[    0.849162] evm: HMAC attrs: 0x1
[    0.850384]   Magic number: 11:494:802
[    0.851335]   hash matches /build/linux-dWhjJj/linux-4.15.0/drivers/base/power/main.c:1527
[    0.853242] rtc_cmos rtc_cmos: setting system clock to 2019-11-28 20:46:56 UTC (1574974016)
[    0.855310] BIOS EDD facility v0.16 2004-Jun-25, 0 devices found
[    0.857053] EDD information not available.
[    0.898905] Freeing unused kernel image memory: 2432K
[    0.922530] Write protecting the kernel read-only data: 20480k
[    0.925368] Freeing unused kernel image memory: 2008K
[    0.927303] Freeing unused kernel image memory: 1880K
[    0.933532] x86/mm: Checked W+X mappings: passed, no W+X pages found.
[    0.935291] x86/mm: Checking user space page tables
[    0.942217] x86/mm: Checked W+X mappings: passed, no W+X pages found.
Loading, please wait...
starting version 237
[    1.005232] e1000: Intel(R) PRO/1000 Network Driver - version 7.3.21-k8-NAPI
[    1.007753] e1000: Copyright (c) 1999-2006 Intel Corporation.
[    1.014512] Fusion MPT base driver 3.04.20
[    1.015825] Copyright (c) 1999-2008 LSI Corporation
[    1.022354] Fusion MPT SPI Host driver 3.04.20
[    1.027992] AVX2 version of gcm_enc/dec engaged.
[    1.029606] AES CTR mode by8 optimization enabled
[    1.227580] input: ImExPS/2 Generic Explorer Mouse as /devices/platform/i8042/serio1/input/input4
[    1.445889] e1000 0000:00:03.0 eth0: (PCI:33MHz:32-bit) 02:83:96:c1:64:f9
[    1.447809] e1000 0000:00:03.0 eth0: Intel(R) PRO/1000 Network Connection
[    1.450561] mptbase: ioc0: Initiating bringup
[    1.450602] e1000 0000:00:03.0 enp0s3: renamed from eth0
[    1.556927] ioc0: LSI53C1030 A0: Capabilities={Initiator}
[    1.816835] scsi host2: ioc0: LSI53C1030 A0, FwRev=00000000h, Ports=1, MaxQ=256, IRQ=20
[    1.985438] scsi 2:0:0:0: Direct-Access     VBOX     HARDDISK         1.0  PQ: 0 ANSI: 5
[    2.024034] scsi target2:0:0: Beginning Domain Validation
[    2.028228] scsi target2:0:0: Domain Validation skipping write tests
[    2.030102] scsi target2:0:0: Ending Domain Validation
[    2.031607] scsi target2:0:0: asynchronous
[    2.033731] scsi 2:0:1:0: Direct-Access     VBOX     HARDDISK         1.0  PQ: 0 ANSI: 5
[    2.064403] scsi target2:0:1: Beginning Domain Validation
[    2.068969] random: fast init done
[    2.070866] scsi target2:0:1: Domain Validation skipping write tests
[    2.072552] scsi target2:0:1: Ending Domain Validation
[    2.074053] scsi target2:0:1: asynchronous
[    2.079814] random: systemd-udevd: uninitialized urandom read (16 bytes read)
[    2.081400] random: systemd-udevd: uninitialized urandom read (16 bytes read)
[    2.082877] random: systemd-udevd: uninitialized urandom read (16 bytes read)
[    2.084768] sd 2:0:0:0: Attached scsi generic sg0 type 0
[    2.086157] sd 2:0:0:0: [sda] 20971520 512-byte logical blocks: (10.7 GB/10.0 GiB)
[    2.087841] sd 2:0:0:0: [sda] Write Protect is off
[    2.089228] sd 2:0:0:0: [sda] Incomplete mode parameter data
[    2.090465] sd 2:0:0:0: [sda] Assuming drive cache: write through
[    2.092313] sd 2:0:1:0: Attached scsi generic sg1 type 0
[    2.093704] sd 2:0:1:0: [sdb] 20480 512-byte logical blocks: (10.5 MB/10.0 MiB)
[    2.095384] sd 2:0:1:0: [sdb] Write Protect is off
[    2.096683] sd 2:0:1:0: [sdb] Incomplete mode parameter data
[    2.098450] sd 2:0:1:0: [sdb] Assuming drive cache: write through
[    2.100461]  sda: sda1
[    2.101756] sd 2:0:0:0: [sda] Attached SCSI disk
[    2.103681] sd 2:0:1:0: [sdb] Attached SCSI disk
Begin: Loading essential drivers ... [    3.508253] raid6: sse2x1   gen() 11930 MB/s
[    3.556536] raid6: sse2x1   xor()  9096 MB/s
[    3.604227] raid6: sse2x2   gen() 15055 MB/s
[    3.652631] raid6: sse2x2   xor() 10178 MB/s
[    3.700245] raid6: sse2x4   gen() 17557 MB/s
[    3.748010] raid6: sse2x4   xor()  9952 MB/s
[    3.796551] raid6: avx2x1   gen() 24040 MB/s
[    3.844389] raid6: avx2x1   xor() 16817 MB/s
[    3.892013] raid6: avx2x2   gen() 28999 MB/s
[    3.940193] raid6: avx2x2   xor() 18494 MB/s
[    3.988287] raid6: avx2x4   gen() 33777 MB/s
[    4.036219] raid6: avx2x4   xor() 17079 MB/s
[    4.037685] raid6: using algorithm avx2x4 gen() 33777 MB/s
[    4.038995] raid6: .... xor() 17079 MB/s, rmw enabled
[    4.040107] raid6: using avx2x2 recovery algorithm
[    4.042536] xor: automatically using best checksumming function   avx       
[    4.046251] async_tx: api initialized (async)
done.
Begin: Running /scripts/init-premount ... done.
Begin: Mounting root file system ... Begin: Running /scripts/local-top ... done.
Begin: Running /scripts/local-premount ... [    4.090145] Btrfs loaded, crc32c=crc32c-intel
Scanning for Btrfs filesystems
done.
Warning: fsck not present, so skipping root file system
[    4.130439] EXT4-fs (sda1): mounted filesystem with ordered data mode. Opts: (null)
done.
Begin: Running /scripts/local-bottom ... done.
Begin: Running /scripts/init-bottom ... done.
[    4.311885] ip_tables: (C) 2000-2006 Netfilter Core Team
[    4.321007] systemd[1]: systemd 237 running in system mode. (+PAM +AUDIT +SELINUX +IMA +APPARMOR +SMACK +SYSVINIT +UTMP +LIBCRYPTSETUP +GCRYPT +GNUTLS +ACL +XZ +LZ4 +SECCOMP +BLKID +ELFUTILS +KMOD -IDN2 +IDN -PCRE2 default-hierarchy=hybrid)
[    4.325580] systemd[1]: Detected virtualization oracle.
[    4.327090] systemd[1]: Detected architecture x86-64.

Welcome to [1mUbuntu 18.04.3 LTS[0m!

[    4.345729] systemd[1]: Set hostname to <ubuntu>.
[    4.351175] systemd[1]: Initializing machine ID from random generator.
[    4.353172] systemd[1]: Installed transient /etc/machine-id file.
[    4.668408] systemd[1]: Reached target User and Group Name Lookups.
[[0;32m  OK  [0m] Reached target User and Group Name Lookups.
[    4.673666] systemd[1]: Created slice System Slice.
[[0;32m  OK  [0m] Created slice System Slice.
[    4.675827] systemd[1]: Listening on Journal Audit Socket.
[[0;32m  OK  [0m] Listening on Journal Audit Socket.
[    4.688784] systemd[1]: Listening on udev Control Socket.
[[0;32m  OK  [0m] Listening on udev Control Socket.
[[0;32m  OK  [0m] Listening on Syslog Socket.
[[0;32m  OK  [0m] Listening on Device-mapper event daemon FIFOs.
[[0;32m  OK  [0m] Listening on Journal Socket (/dev/log).
[[0;32m  OK  [0m] Reached target System Time Synchronized.
[[0;32m  OK  [0m] Listening on Journal Socket.
         Mounting POSIX Message Queue File System...
         Starting Load Kernel Modules...
         Starting Create list of required st…ce nodes for the current kernel...
         Starting Journal Service...
[    4.799688] Loading iSCSI transport class v2.0-870.
[    4.806831] iscsi: registered transport (tcp)
         Mounting Huge Pages File System...
[[0;32m  OK  [0m] Listening on Network Service Netlink Socket.
[    4.827109] iscsi: registered transport (iser)
[[0;32m  OK  [0m] Listening on udev Kernel Socket.
         Starting Uncomplicated firewall...
         Starting Set the console keyboard layout...
         Mounting Kernel Debug File System...
         Starting udev Coldplug all Devices...
[[0;32m  OK  [0m] Reached target Swap.
[[0;32m  OK  [0m] Listening on LVM2 metadata daemon socket.
         Starting Monitoring of LVM2 mirrors…ng dmeventd or progress polling...
[[0;32m  OK  [0m] Listening on LVM2 poll daemon socket.
[[0;32m  OK  [0m] Created slice system-serial\x2dgetty.slice.
[[0;32m  OK  [0m] Set up automount Arbitrary Executab…rmats File System Automount Point.
[[0;32m  OK  [0m] Created slice User and Session Slice.
[[0;32m  OK  [0m] Reached target Slices.
[[0;32m  OK  [0m] Started Forward Password Requests to Wall Directory Watch.
         Starting Remount Root and Kernel File Systems...
[[0;32m  OK  [0m] Listening on /dev/initctl Compatibility Named Pipe.
[[0;32m  OK  [0m] Started Journal Service.
[[0;32m  OK  [0m] Mounted POSIX Message Queue File System.
[[0;32m  OK  [0m] Started Load Kernel Modules.
[[0;32m  OK  [0m] Started Create list of required sta…vice nodes for the current kernel.
[[0;32m  OK  [0m] Mounted Huge Pages File System.
[[0;32m  OK  [0m] Started Uncomplicated firewall.
[[0;32m  OK  [0m] Mounted Kernel Debug File System.
[[0;32m  OK  [0m] Started LVM2 metadata daemon.
         Starting Create Static Device Nodes in /dev...
         Mounting FUSE Control File System...
         Mounting Kernel Configuration File System...
         Starting Apply Kernel Variables...
[[0;32m  OK  [0m] Mounted FUSE Control File System.
[[0;32m  OK  [0m] Mounted Kernel Configuration File System.
[    4.957259] EXT4-fs (sda1): re-mounted. Opts: (null)
[[0;32m  OK  [0m] Started Remount Root and Kernel File Systems.
[[0;32m  OK  [0m] Started udev Coldplug all Devices.
[[0;32m  OK  [0m] Started Monitoring of LVM2 mirrors,…sing dmeventd or progress polling.
         Starting Flush Journal to Persistent Storage...
         Starting Load/Save Random Seed...
[[0;32m  OK  [0m] Started Set the console keyboard layout.
[[0;32m  OK  [0m] Started Create Static Device Nodes in /dev.
[[0;32m  OK  [0m] Reached target Local File Systems (Pre).
[[0;32m  OK  [0m] Reached target Local File Systems.
         Starting ebtables ruleset management...
         Starting Commit a transient machine-id on disk...
         Starting AppArmor initialization...
         Starting Set console font and keymap...
         Starting Tell Plymouth To Write Out Runtime Data...
         Starting udev Kernel Device Manager...
[[0;32m  OK  [0m] Started Apply Kernel Variables.
[[0;32m  OK  [0m] Started Load/Save Random Seed.
[[0;32m  OK  [0m] Started Set console font and keymap.
[[0;32m  OK  [0m] Started Tell Plymouth To Write Out Runtime Data.
[[0;32m  OK  [0m] Started Commit a transient machine-id on disk.
[[0;32m  OK  [0m] Started Flush Journal to Persistent Storage.
         Starting Create Volatile Files and Directories...
[[0;32m  OK  [0m] Started udev Kernel Device Manager.
[[0;32m  OK  [0m] Started Dispatch Password Requests to Console Directory Watch.
[[0;32m  OK  [0m] Reached target Local Encrypted Volumes.
[[0;32m  OK  [0m] Started Create Volatile Files and Directories.
         Starting Update UTMP about System Boot/Shutdown...
[[0;32m  OK  [0m] Started Update UTMP about System Boot/Shutdown.
[[0;32m  OK  [0m] Started ebtables ruleset management.
[[0;32m  OK  [0m] Found device /dev/ttyS0.
[[0;32m  OK  [0m] Listening on Load/Save RF Kill Switch Status /dev/rfkill Watch.
[[0;32m  OK  [0m] Started AppArmor initialization.
         Starting Initial cloud-init job (pre-networking)...
[    7.045238] cloud-init[553]: Cloud-init v. 19.2-36-g059d049c-0ubuntu2~18.04.1 running 'init-local' at Thu, 28 Nov 2019 20:47:02 +0000. Up 6.72 seconds.
[[0;32m  OK  [0m] Started Initial cloud-init job (pre-networking).
[[0;32m  OK  [0m] Reached target Network (Pre).
         Starting Network Service...
[[0;32m  OK  [0m] Started Network Service.
         Starting Wait for Network to be Configured...
         Starting Network Name Resolution...
[[0;32m  OK  [0m] Started Network Name Resolution.
[[0;32m  OK  [0m] Reached target Host and Network Name Lookups.
[[0;32m  OK  [0m] Reached target Network.
[[0;32m  OK  [0m] Started Wait for Network to be Configured.
         Starting Initial cloud-init job (metadata service crawler)...
[    9.503843] cloud-init[658]: Cloud-init v. 19.2-36-g059d049c-0ubuntu2~18.04.1 running 'init' at Thu, 28 Nov 2019 20:47:04 +0000. Up 9.35 seconds.
[    9.507845] cloud-init[658]: ci-info: ++++++++++++++++++++++++++++++++++++++Net device info++++++++++++++++++++++++++++++++++++++
[    9.511436] cloud-init[658]: ci-info: +--------+------+----------------------------+---------------+--------+-------------------+
[    9.514620] cloud-init[658]: ci-info: | Device |  Up  |          Address           |      Mask     | Scope  |     Hw-Address    |
[    9.518747] cloud-init[658]: ci-info: +--------+------+----------------------------+---------------+--------+-------------------+
[    9.521395] cloud-init[658]: ci-info: | enp0s3 | True |         10.0.2.15          | 255.255.255.0 | global | 02:83:96:c1:64:f9 |
[    9.525638] cloud-init[658]: ci-info: | enp0s3 | True | fe80::83:96ff:fec1:64f9/64 |       .       |  link  | 02:83:96:c1:64:f9 |
[    9.528510] cloud-init[658]: ci-info: |   lo   | True |         127.0.0.1          |   255.0.0.0   |  host  |         .         |
[    9.530366] cloud-init[658]: ci-info: |   lo   | True |          ::1/128           |       .       |  host  |         .         |
[    9.532454] cloud-init[658]: ci-info: +--------+------+----------------------------+---------------+--------+-------------------+
[    9.535172] cloud-init[658]: ci-info: ++++++++++++++++++++++++++++Route IPv4 info+++++++++++++++++++++++++++++
[    9.536562] cloud-init[658]: ci-info: +-------+-------------+----------+-----------------+-----------+-------+
[    9.537872] cloud-init[658]: ci-info: | Route | Destination | Gateway  |     Genmask     | Interface | Flags |
[    9.539824] cloud-init[658]: ci-info: +-------+-------------+----------+-----------------+-----------+-------+
[    9.541636] cloud-init[658]: ci-info: |   0   |   0.0.0.0   | 10.0.2.2 |     0.0.0.0     |   enp0s3  |   UG  |
[    9.543785] cloud-init[658]: ci-info: |   1   |   10.0.2.0  | 0.0.0.0  |  255.255.255.0  |   enp0s3  |   U   |
[    9.545847] cloud-init[658]: ci-info: |   2   |   10.0.2.2  | 0.0.0.0  | 255.255.255.255 |   enp0s3  |   UH  |
[    9.548484] cloud-init[658]: ci-info: +-------+-------------+----------+-----------------+-----------+-------+
[    9.551643] cloud-init[658]: ci-info: +++++++++++++++++++Route IPv6 info+++++++++++++++++++
[    9.553668] cloud-init[658]: ci-info: +-------+-------------+---------+-----------+-------+
[    9.555486] cloud-init[658]: ci-info: | Route | Destination | Gateway | Interface | Flags |
[    9.557352] cloud-init[658]: ci-info: +-------+-------------+---------+-----------+-------+
[    9.559402] cloud-init[658]: ci-info: |   1   |  fe80::/64  |    ::   |   enp0s3  |   U   |
[    9.561552] cloud-init[658]: ci-info: |   3   |    local    |    ::   |   enp0s3  |   U   |
[    9.576205] cloud-init[658]: ci-info: |   4   |   ff00::/8  |    ::   |   enp0s3  |   U   |
[    9.578485] cloud-init[658]: ci-info: +-------+-------------+---------+-----------+-------+
[   10.331340] cloud-init[658]: Generating public/private rsa key pair.
[   10.332102] cloud-init[658]: Your identification has been saved in /etc/ssh/ssh_host_rsa_key.
[   10.332822] cloud-init[658]: Your public key has been saved in /etc/ssh/ssh_host_rsa_key.pub.
[   10.334203] cloud-init[658]: The key fingerprint is:
[   10.348615] cloud-init[658]: SHA256:Eho+UtwVbAt323RBY0qyWjypkBPvqprHQXsMm6tz6nA root@ubuntu-bionic
[   10.351111] cloud-init[658]: The key's randomart image is:
[   10.352680] cloud-init[658]: +---[RSA 2048]----+
[   10.354049] cloud-init[658]: |      ..o.. ..=. |
[   10.355719] cloud-init[658]: |   . ..=+..=.o.. |
[   10.356784] cloud-init[658]: |    + *+.o*+..   |
[   10.358575] cloud-init[658]: |   ooo =.+...    |
[   10.359829] cloud-init[658]: |  ..+*. S        |
[   10.361154] cloud-init[658]: |   .=.oo         |
[   10.362217] cloud-init[658]: |. E. +.          |
[   10.363702] cloud-init[658]: | o..=.           |
[   10.365209] cloud-init[658]: | .*B.            |
[   10.366084] cloud-init[658]: +----[SHA256]-----+
[   10.376439] cloud-init[658]: Generating public/private dsa key pair.
[   10.378040] cloud-init[658]: Your identification has been saved in /etc/ssh/ssh_host_dsa_key.
[   10.380552] cloud-init[658]: Your public key has been saved in /etc/ssh/ssh_host_dsa_key.pub.
[   10.383425] cloud-init[658]: The key fingerprint is:
[   10.384851] cloud-init[658]: SHA256:yJipW6l4qnbQT6OXAjrumlp15ZUiOaYpQkcodija3ms root@ubuntu-bionic
[   10.386700] cloud-init[658]: The key's randomart image is:
[   10.388267] cloud-init[658]: +---[DSA 1024]----+
[   10.389532] cloud-init[658]: |  o.             |
[   10.390551] cloud-init[658]: |o+..   .   .     |
[   10.391598] cloud-init[658]: |=o..  = o o      |
[   10.392804] cloud-init[658]: |o o  O * o       |
[   10.394124] cloud-init[658]: |..o.B + S        |
[   10.395165] cloud-init[658]: | +.=.=           |
[   10.396171] cloud-init[658]: |. = *.o          |
[   10.397334] cloud-init[658]: |o=.BE+           |
[   10.398383] cloud-init[658]: |#*+.o            |
[   10.399442] cloud-init[658]: +----[SHA256]-----+
[   10.400445] cloud-init[658]: Generating public/private ecdsa key pair.
[   10.401938] cloud-init[658]: Your identification has been saved in /etc/ssh/ssh_host_ecdsa_key.
[   10.403923] cloud-init[658]: Your public key has been saved in /etc/ssh/ssh_host_ecdsa_key.pub.
[   10.406052] cloud-init[658]: The key fingerprint is:
[   10.407069] cloud-init[658]: SHA256:LzauXkflW0eQDhUGeEj6eM5DVgLJPfpls6M60s6QrVI root@ubuntu-bionic
[   10.408687] cloud-init[658]: The key's randomart image is:
[   10.409714] cloud-init[658]: +---[ECDSA 256]---+
[   10.410599] cloud-init[658]: |       ..+.o.o=o |
[   10.411477] cloud-init[658]: |        oo= o... |
[[0;32m  OK  [0m] Started Initial cloud-init job (metadata service crawler).
[   10.428947] cloud-init[658]: |        ...ooo  .|
[[0;32m  OK  [0m] Reached target Network is Online.
[   10.457488] cloud-init[658]: |        .o =+ .. |
[   10.458887] cloud-init         Starting Availability of block devices...
[[0;32m  OK  [0m] Reached target Remote File Systems (Pre).
[[0;32m  OK  [0m] Reached target Remote File Systems.
[[0;32m  OK  [0m] Reached target Cloud-config availability.
[[0;32m  OK  [0m] Reached target System Initialization.
[[0;32m  OK  [0m] Listening on ACPID Listen Socket.
[[0;32m  OK  [0m] Listening on D-Bus System Message Bus Socket.
[658]: |        S.*o.o. .|
[   10.468373] cloud-init[658]: |      Eo O. oo . |
[   10.469048] cloud-init[658]: |     .o.* *...   |
[   10.470493] cloud-init[658]: |    . .Bo+..     |
[   10.471207] cloud-init[658]: |     o++=o       |
[   10.472667] cloud-init[658]: +----[SHA256]-----+
[   10.473151] cloud-init[658]: Generating public/private ed25519 key pair.
[   10.474079] cloud-init[658]: Your identification has been saved in /etc/ssh/ssh_host_ed25519_key.
[   10.474939] cloud-init         Starting Socket activation for snappy daemon.
[[0;32m  OK  [0m] Listening on UUID daemon activation socket.
[658]:          Starting LXD - unix socket.
[[0;32m  OK  [0m] Started Discard unused blocks once a week.
[[0;32m  OK  [0m] Started Message of the Day.
[[0;32m  OK  [0m] Started Daily apt download activities.
[[0;32m  OK  [0mYour public key has been saved in /etc/ssh/ssh_host_ed25519_key.pub.
[   10.484362] cloud-init[658]: The key fingerprint is:
[   10.484914] cloud-init[658]: SHA256:52FfMICeAT09GOWRQJ0CkOEsm1r2qpjW5f6H5E9YQoo root@ubuntu-bionic
[   10.486866] cloud-init[658]: The key's randomart image is:
[   10.487255] cloud-init[658]: +--[ED25519 256]--+
[   10.489564] cloud-init[658]: |    o+o=+O+o     |
[   10.491069] cloud-init[658]: |   o.   B.*o     |
] Started Daily apt upgrade and clean activities.
[[0;32m  OK  [0m] Started Daily Cleanup of Temporary Directories.
[[0;32m  OK  [0m] Reached target Timers.
[[0;32m  OK  [0m] Started ACPI Events Check.
[[0;32m  OK  [0m] Reached target Paths.
[[0;32m  OK  [0m] Listening on Open-iSCSI iscsid Socket.
[[0;32m  OK  [0m] Started Availability of block devices.
[[0;32m  OK  [0m] Listening on Socket activation for snappy daemon.
[[0;32m  OK  [0m] Listening on LXD - unix socket.
[[0;32m  OK  [0m] Reached target Sockets.
[[0;32m  OK  [0m] Reached target Basic System.
         Starting LXD - container startup/shutdown...
         Starting Virtualbox guest utils...
         Starting Login Service...
         Starting LSB: automatic crash report generation...
[[0;32m  OK  [0m] Started FUSE filesystem for LXC.
         Starting System Logging Service...
         Starting LSB: Record successful boot for GRUB...
[   10.502134] cloud-init[658]: |  . o  o =..o    |
[   10.556731] cloud-init[658]: |   +. o o    o   |
[   10.557690] cloud-init[658]: |  =E . .S.+   .  |
[   10.558572] cloud-init[658]: | + . . .++ o .   |
[   10.559447] cloud-init[658]: |. . + o.... .    |
[   10.560348] cloud-init[658]: |.o o . o..       |
[   10.572290] cloud-init[658]: |=.. ....o.       |
[   10.572944] cloud-init[658]: +----[SHA256]-----+
[[0;32m  OK  [0m] Started irqbalance daemon.
[[0;32m  OK  [0m] Started Regular background program processing daemon.
[[0;32m  OK  [0m] Started D-Bus System Message Bus.
[[0;32m  OK  [0m] Started Login Service.
         Starting Permit User Sessions...
         Starting Pollinate to seed the pseudo random number generator...
         Starting Dispatcher daemon for systemd-networkd...
[[0;32m  OK  [0m] Started Unattended Upgrades Shutdown.
[[0;32m  OK  [0m] Started Deferred execution scheduler.
         Starting Accounts Service...
         Starting Snappy daemon...
[[0;32m  OK  [0m] Started System Logging Service.
[[0;32m  OK  [0m] Started LXD - container startup/shutdown.
[[0;32m  OK  [0m] Started Permit User Sessions.
         Starting Hold until boot process finishes up...
         Starting Terminate Plymouth Boot Screen...
[[0;32m  OK  [0m] Started Hold until boot process finishes up.
[[0;32m  OK  [0m] Started Terminate Plymouth Boot Screen.
         Starting Set console scheme...
[[0;32m  OK  [0m] Started Serial Getty on ttyS0.
[[0;32m  OK  [0m] Started LSB: automatic crash report generation.
[[0;32m  OK  [0m] Started Set console scheme.
[[0;32m  OK  [0m] Created slice system-getty.slice.
[[0;32m  OK  [0m] Started Getty on tty1.
[[0;32m  OK  [0m] Reached target Login Prompts.
         Starting Authorization Manager...
[[0;32m  OK  [0m] Started Authorization Manager.
[[0;32m  OK  [0m] Started Dispatcher daemon for systemd-networkd.
[[0;32m  OK  [0m] Started LSB: Record successful boot for GRUB.
[[0;32m  OK  [0m] Started Accounts Service.
[[0;32m  OK  [0m] Started Virtualbox guest utils.
[[0;32m  OK  [0m] Started Snappy daemon.
         Starting Wait until snapd is fully seeded...
[[0;32m  OK  [0m] Started Pollinate to seed the pseudo random number generator.
         Starting OpenBSD Secure Shell server...
[[0;32m  OK  [0m] Started OpenBSD Secure Shell server.
[[0;32m  OK  [0m] Created slice User Slice of vagrant.
         Starting User Manager for UID 1000...
[[0;32m  OK  [0m] Started Session 1 of user vagrant.
[[0;32m  OK  [0m] Started User Manager for UID 1000.
[[0;32m  OK  [0m] Started Wait until snapd is fully seeded.
         Starting Apply the settings specified in cloud-config...
[[0;32m  OK  [0m] Reached target Multi-User System.
[[0;32m  OK  [0m] Reached target Graphical Interface.
         Starting Update UTMP about System Runlevel Changes...
[[0;32m  OK  [0m] Started Update UTMP about System Runlevel Changes.
         Stopping User Manager for UID 1000...
[[0;32m  OK  [0m] Stopped User Manager for UID 1000.
[[0;32m  OK  [0m] Removed slice User Slice of vagrant.
[[0;32m  OK  [0m] Created slice User Slice of vagrant.
         Starting User Manager for UID 1000...
[[0;32m  OK  [0m] Started Session 3 of user vagrant.
[[0;32m  OK  [0m] Started User Manager for UID 1000.
[   15.262150] cloud-init[1416]: Cloud-init v. 19.2-36-g059d049c-0ubuntu2~18.04.1 running 'modules:config' at Thu, 28 Nov 2019 20:47:10 +0000. Up 14.86 seconds.
[[0;32m  OK  [0m] Started Apply the settings specified in cloud-config.
         Starting Execute cloud user/final scripts...
ci-info: no authorized ssh keys fingerprints found for user ubuntu.
<14>Nov 28 20:47:11 ec2: 
<14>Nov 28 20:47:11 ec2: #############################################################
<14>Nov 28 20:47:11 ec2: -----BEGIN SSH HOST KEY FINGERPRINTS-----
<14>Nov 28 20:47:11 ec2: 1024 SHA256:yJipW6l4qnbQT6OXAjrumlp15ZUiOaYpQkcodija3ms root@ubuntu-bionic (DSA)
<14>Nov 28 20:47:11 ec2: 256 SHA256:LzauXkflW0eQDhUGeEj6eM5DVgLJPfpls6M60s6QrVI root@ubuntu-bionic (ECDSA)
<14>Nov 28 20:47:11 ec2: 256 SHA256:52FfMICeAT09GOWRQJ0CkOEsm1r2qpjW5f6H5E9YQoo root@ubuntu-bionic (ED25519)
<14>Nov 28 20:47:11 ec2: 2048 SHA256:Eho+UtwVbAt323RBY0qyWjypkBPvqprHQXsMm6tz6nA root@ubuntu-bionic (RSA)
<14>Nov 28 20:47:11 ec2: -----END SSH HOST KEY FINGERPRINTS-----
<14>Nov 28 20:47:11 ec2: #############################################################
-----BEGIN SSH HOST KEY KEYS-----
ecdsa-sha2-nistp256 AAAAE2VjZHNhLXNoYTItbmlzdHAyNTYAAAAIbmlzdHAyNTYAAABBBIYMCN3f7+RPiQ8ud00+EKaFRUoELMlpmn7lAZxML2wM4s1Ca771RatHxmamQuC0du+QwI8TvjUl4uqoDWaZ1Uw= root@ubuntu-bionic
ssh-ed25519 AAAAC3NzaC1lZDI1NTE5AAAAIHCZ+B7pMuCSwmkVPIbQ0Cwy27XFqaEz4gQuQgNHdbcr root@ubuntu-bionic
ssh-rsa AAAAB3NzaC1yc2EAAAADAQABAAABAQCcTNJwDpu4cD5NgDgdHnta0P3BeHLkQnRnmDOgni5T/h/5srvSHhz4PY2MgAUricEyUtik/EJ1l5Ye2gEwgpQlv3CVhKVMgPaI7c+5bAnl1G5SNWh8VXZXHJ6TaXnu8nFFOdS4dulEonUOGq+xVNIGYyidaXXaf8rbz3sqoktq/7B4c6iyK665seVUcUTwI9bGgBE3qV3XvIMmYWn9Yxa3xBA4fe7uVQrjyjg2Xa/mXFv72shtjod+0GNR04/IMCSCJPZqqhL31sShc/kzsx6U+k9Nu6/VQUVbegQBQj+rrUcKCKoIjibgOiHFr+nkqKAOyRuSCAsWXp1QaSXnKSkb root@ubuntu-bionic
-----END SSH HOST KEY KEYS-----
[   15.777498] cloud-init[1563]: Cloud-init v. 19.2-36-g059d049c-0ubuntu2~18.04.1 running 'modules:final' at Thu, 28 Nov 2019 20:47:11 +0000. Up 15.61 seconds.
[   15.792520] cloud-init[1563]: ci-info: no authorized ssh keys fingerprints found for user ubuntu.
[   15.794153] cloud-init[1563]: Cloud-init v. 19.2-36-g059d049c-0ubuntu2~18.04.1 finished at Thu, 28 Nov 2019 20:47:11 +0000. Datasource DataSourceNoCloud [seed=/dev/sdb][dsmode=net].  Up 15.77 seconds
[[0;32m  OK  [0m] Started Execute cloud user/final scripts.
[[0;32m  OK  [0m] Reached target Cloud-init target.

Ubuntu 18.04.3 LTS ubuntu-bionic ttyS0

ubuntu-bionic login: 